# JRE version: OpenJDK Runtime Environment (8.0_152-b02) (build 1.8.0_152-release-1024-b02)
# Java VM: OpenJDK 64-Bit Server VM (25.152-b02 mixed mode windows-amd64 compressed oops)
Heap:
 PSYoungGen      total 14336K, used 3583K [0x00000000feb00000, 0x0000000100000000, 0x0000000100000000)
  eden space 7168K, 48% used [0x00000000feb00000,0x00000000fee5fc00,0x00000000ff200000)
  from space 7168K, 1% used [0x00000000ff900000,0x00000000ff920000,0x0000000100000000)
  to   space 7168K, 0% used [0x00000000ff200000,0x00000000ff200000,0x00000000ff900000)
 ParOldGen       total 44032K, used 9420K [0x00000000fc000000, 0x00000000feb00000, 0x00000000feb00000)
  object space 44032K, 21% used [0x00000000fc000000,0x00000000fc933150,0x00000000feb00000)
 Metaspace       used 8088K, capacity 8350K, committed 8448K, reserved 1056768K
  class space    used 907K, capacity 1004K, committed 1024K, reserved 1048576K
GC Heap History (10 events):
Event: 7.403 GC heap before
{Heap before GC invocations=8 (full 0):
 PSYoungGen      total 14336K, used 8128K [0x00000000feb00000, 0x0000000100000000, 0x0000000100000000)
  eden space 7168K, 100% used [0x00000000feb00000,0x00000000ff200000,0x00000000ff200000)
  from space 7168K, 13% used [0x00000000ff200000,0x00000000ff2f0000,0x00000000ff900000)
  to   space 7168K, 0% used [0x00000000ff900000,0x00000000ff900000,0x0000000100000000)
 ParOldGen       total 44032K, used 8426K [0x00000000fc000000, 0x00000000feb00000, 0x00000000feb00000)
  object space 44032K, 19% used [0x00000000fc000000,0x00000000fc83a920,0x00000000feb00000)
 Metaspace       used 8081K, capacity 8350K, committed 8448K, reserved 1056768K
  class space    used 907K, capacity 1004K, committed 1024K, reserved 1048576K
Event: 7.404 GC heap after
Heap after GC invocations=8 (full 0):
 PSYoungGen      total 14336K, used 768K [0x00000000feb00000, 0x0000000100000000, 0x0000000100000000)
  eden space 7168K, 0% used [0x00000000feb00000,0x00000000feb00000,0x00000000ff200000)
  from space 7168K, 10% used [0x00000000ff900000,0x00000000ff9c0000,0x0000000100000000)
  to   space 7168K, 0% used [0x00000000ff200000,0x00000000ff200000,0x00000000ff900000)
 ParOldGen       total 44032K, used 8770K [0x00000000fc000000, 0x00000000feb00000, 0x00000000feb00000)
  object space 44032K, 19% used [0x00000000fc000000,0x00000000fc890920,0x00000000feb00000)
 Metaspace       used 8081K, capacity 8350K, committed 8448K, reserved 1056768K
  class space    used 907K, capacity 1004K, committed 1024K, reserved 1048576K
}
Event: 7.617 GC heap before
{Heap before GC invocations=9 (full 0):
 PSYoungGen      total 14336K, used 7936K [0x00000000feb00000, 0x0000000100000000, 0x0000000100000000)
  eden space 7168K, 100% used [0x00000000feb00000,0x00000000ff200000,0x00000000ff200000)
  from space 7168K, 10% used [0x00000000ff900000,0x00000000ff9c0000,0x0000000100000000)
  to   space 7168K, 0% used [0x00000000ff200000,0x00000000ff200000,0x00000000ff900000)
 ParOldGen       total 44032K, used 8770K [0x00000000fc000000, 0x00000000feb00000, 0x00000000feb00000)
  object space 44032K, 19% used [0x00000000fc000000,0x00000000fc890920,0x00000000feb00000)
 Metaspace       used 8085K, capacity 8350K, committed 8448K, reserved 1056768K
  class space    used 907K, capacity 1004K, committed 1024K, reserved 1048576K
Event: 7.631 GC heap after
Heap after GC invocations=9 (full 0):
 PSYoungGen      total 14336K, used 384K [0x00000000feb00000, 0x0000000100000000, 0x0000000100000000)
  eden space 7168K, 0% used [0x00000000feb00000,0x00000000feb00000,0x00000000ff200000)
  from space 7168K, 5% used [0x00000000ff200000,0x00000000ff260000,0x00000000ff900000)
  to   space 7168K, 0% used [0x00000000ff900000,0x00000000ff900000,0x0000000100000000)
 ParOldGen       total 44032K, used 9188K [0x00000000fc000000, 0x00000000feb00000, 0x00000000feb00000)
  object space 44032K, 20% used [0x00000000fc000000,0x00000000fc8f9130,0x00000000feb00000)
 Metaspace       used 8085K, capacity 8350K, committed 8448K, reserved 1056768K
  class space    used 907K, capacity 1004K, committed 1024K, reserved 1048576K
}
Event: 7.742 GC heap before
{Heap before GC invocations=10 (full 0):
 PSYoungGen      total 14336K, used 7552K [0x00000000feb00000, 0x0000000100000000, 0x0000000100000000)
  eden space 7168K, 100% used [0x00000000feb00000,0x00000000ff200000,0x00000000ff200000)
  from space 7168K, 5% used [0x00000000ff200000,0x00000000ff260000,0x00000000ff900000)
  to   space 7168K, 0% used [0x00000000ff900000,0x00000000ff900000,0x0000000100000000)
 ParOldGen       total 44032K, used 9188K [0x00000000fc000000, 0x00000000feb00000, 0x00000000feb00000)
  object space 44032K, 20% used [0x00000000fc000000,0x00000000fc8f9130,0x00000000feb00000)
 Metaspace       used 8085K, capacity 8350K, committed 8448K, reserved 1056768K
  class space    used 907K, capacity 1004K, committed 1024K, reserved 1048576K
Event: 7.748 GC heap after
Heap after GC invocations=10 (full 0):
 PSYoungGen      total 14336K, used 288K [0x00000000feb00000, 0x0000000100000000, 0x0000000100000000)
  eden space 7168K, 0% used [0x00000000feb00000,0x00000000feb00000,0x00000000ff200000)
  from space 7168K, 4% used [0x00000000ff900000,0x00000000ff948000,0x0000000100000000)
  to   space 7168K, 0% used [0x00000000ff200000,0x00000000ff200000,0x00000000ff900000)
 ParOldGen       total 44032K, used 9404K [0x00000000fc000000, 0x00000000feb00000, 0x00000000feb00000)
  object space 44032K, 21% used [0x00000000fc000000,0x00000000fc92f150,0x00000000feb00000)
 Metaspace       used 8085K, capacity 8350K, committed 8448K, reserved 1056768K
  class space    used 907K, capacity 1004K, committed 1024K, reserved 1048576K
}
Event: 8.593 GC heap before
{Heap before GC invocations=11 (full 0):
 PSYoungGen      total 14336K, used 7456K [0x00000000feb00000, 0x0000000100000000, 0x0000000100000000)
  eden space 7168K, 100% used [0x00000000feb00000,0x00000000ff200000,0x00000000ff200000)
  from space 7168K, 4% used [0x00000000ff900000,0x00000000ff948000,0x0000000100000000)
  to   space 7168K, 0% used [0x00000000ff200000,0x00000000ff200000,0x00000000ff900000)
 ParOldGen       total 44032K, used 9404K [0x00000000fc000000, 0x00000000feb00000, 0x00000000feb00000)
  object space 44032K, 21% used [0x00000000fc000000,0x00000000fc92f150,0x00000000feb00000)
 Metaspace       used 8088K, capacity 8350K, committed 8448K, reserved 1056768K
  class space    used 907K, capacity 1004K, committed 1024K, reserved 1048576K
Event: 8.611 GC heap after
Heap after GC invocations=11 (full 0):
 PSYoungGen      total 14336K, used 96K [0x00000000feb00000, 0x0000000100000000, 0x0000000100000000)
  eden space 7168K, 0% used [0x00000000feb00000,0x00000000feb00000,0x00000000ff200000)
  from space 7168K, 1% used [0x00000000ff200000,0x00000000ff218000,0x00000000ff900000)
  to   space 7168K, 0% used [0x00000000ff900000,0x00000000ff900000,0x0000000100000000)
 ParOldGen       total 44032K, used 9412K [0x00000000fc000000, 0x00000000feb00000, 0x00000000feb00000)
  object space 44032K, 21% used [0x00000000fc000000,0x00000000fc931150,0x00000000feb00000)
 Metaspace       used 8088K, capacity 8350K, committed 8448K, reserved 1056768K
  class space    used 907K, capacity 1004K, committed 1024K, reserved 1048576K
}
Event: 9.373 GC heap before
{Heap before GC invocations=12 (full 0):
 PSYoungGen      total 14336K, used 7264K [0x00000000feb00000, 0x0000000100000000, 0x0000000100000000)
  eden space 7168K, 100% used [0x00000000feb00000,0x00000000ff200000,0x00000000ff200000)
  from space 7168K, 1% used [0x00000000ff200000,0x00000000ff218000,0x00000000ff900000)
  to   space 7168K, 0% used [0x00000000ff900000,0x00000000ff900000,0x0000000100000000)
 ParOldGen       total 44032K, used 9412K [0x00000000fc000000, 0x00000000feb00000, 0x00000000feb00000)
  object space 44032K, 21% used [0x00000000fc000000,0x00000000fc931150,0x00000000feb00000)
 Metaspace       used 8088K, capacity 8350K, committed 8448K, reserved 1056768K
  class space    used 907K, capacity 1004K, committed 1024K, reserved 1048576K
Event: 9.436 GC heap after
Heap after GC invocations=12 (full 0):
 PSYoungGen      total 14336K, used 128K [0x00000000feb00000, 0x0000000100000000, 0x0000000100000000)
  eden space 7168K, 0% used [0x00000000feb00000,0x00000000feb00000,0x00000000ff200000)
  from space 7168K, 1% used [0x00000000ff900000,0x00000000ff920000,0x0000000100000000)
  to   space 7168K, 0% used [0x00000000ff200000,0x00000000ff200000,0x00000000ff900000)
 ParOldGen       total 44032K, used 9420K [0x00000000fc000000, 0x00000000feb00000, 0x00000000feb00000)
  object space 44032K, 21% used [0x00000000fc000000,0x00000000fc933150,0x00000000feb00000)
 Metaspace       used 8088K, capacity 8350K, committed 8448K, reserved 1056768K
  class space    used 907K, capacity 1004K, committed 1024K, reserved 1048576K
}

